Arguments: 
  C:\Program Files\nodejs\node.exe C:\Users\rebor\AppData\Roaming\npm\node_modules\yarn\bin\yarn.js

PATH: 
  C:\Users\rebor\AppData\Local\cloud-code\installer\google-cloud-sdk\bin;C:\Program Files\Java\jdk-11\bin;C:\Python310\Scripts\;C:\Python310\;C:\Windows\system32;C:\Windows;C:\Windows\System32\Wbem;C:\Windows\System32\WindowsPowerShell\v1.0\;C:\Windows\System32\OpenSSH\;C:\Program Files\nodejs\;C:\ProgramData\chocolatey\bin;C:\Program Files\Git\cmd;C:\Program Files\Docker\Docker\resources\bin;C:\ProgramData\DockerDesktop\version-bin;C:\Program Files\PuTTY\;C:\Program Files\Microsoft SQL Server\150\Tools\Binn\;C:\Program Files\Microsoft SQL Server\Client SDK\ODBC\170\Tools\Binn\;C:\Program Files\dotnet\;C:\Users\rebor\.cargo\bin;C:\Users\rebor\AppData\Local\Programs\Python\Python36-32\Scripts\;C:\Users\rebor\AppData\Local\Programs\Python\Python36-32\;C:\Users\rebor\AppData\Local\Microsoft\WindowsApps;;C:\Users\rebor\AppData\Local\Programs\Microsoft VS Code\bin;C:\Users\rebor\AppData\Roaming\npm;C:\Program Files\IPFS Desktop\resources\app.asar.unpacked\src\ipfs-on-path\scripts\bin-win;C:\Users\rebor\.dotnet\tools;C:\Users\rebor\.web3j\web3j-cli-shadow-1.4.1\bin

Yarn version: 
  1.22.17

Node version: 
  16.13.2

Platform: 
  win32 x64

Trace: 
  SyntaxError: F:\vrmeta\pixelland\package.json: Unexpected token } in JSON at position 251
      at JSON.parse (<anonymous>)
      at C:\Users\rebor\AppData\Roaming\npm\node_modules\yarn\lib\cli.js:1625:59
      at Generator.next (<anonymous>)
      at step (C:\Users\rebor\AppData\Roaming\npm\node_modules\yarn\lib\cli.js:310:30)
      at C:\Users\rebor\AppData\Roaming\npm\node_modules\yarn\lib\cli.js:321:13

npm manifest: 
  {
    "name": "hardhat-project",
    "devDependencies": {
      "@nomiclabs/hardhat-ethers": "^2.0.0",
      "@nomiclabs/hardhat-waffle": "^2.0.3",
      "chai": "^4.2.0",
      "ethereum-waffle": "^3.0.0",
      "ethers": "^5.0.0",
      "hardhat": "^2.9.3",
      
    },
    "dependencies": {
      "@openzeppelin/contracts": "^4.5.0",
      "@truffle/hdwallet-provider": "^2.0.8",
      "npm": "^8.8.0"
    }
  }

yarn manifest: 
  No manifest

Lockfile: 
  No lockfile
